$ storybook build --output-dir /var/folders/3q/b1w4584s1r72c44thkl2x19c0000gn/T/chromatic--30995-dVxaUAGlprXE
@storybook/cli v8.0.0

info => Cleaning outputDir: ../../../../var/folders/3q/b1w4584s1r72c44thkl2x19c0000gn/T/chromatic--30995-dVxaUAGlprXE
info => Loading presets
info => Building manager..
info => Manager built (87 ms)
info => Building preview..
info => Copying static files: public at ../../../../var/folders/3q/b1w4584s1r72c44thkl2x19c0000gn/T/chromatic--30995-dVxaUAGlprXE
vite v4.5.1 building for production...
transforming...
✓ 843 modules transformed.
rendering chunks...
computing gzip size...
../../../../var/folders/3q/b1w4584s1r72c44thkl2x19c0000gn/T/chromatic--30995-dVxaUAGlprXE/iframe.html                                     12.95 kB │ gzip:   3.62 kB
../../../../var/folders/3q/b1w4584s1r72c44thkl2x19c0000gn/T/chromatic--30995-dVxaUAGlprXE/assets/percolate-dac75269.ttf                   34.04 kB
../../../../var/folders/3q/b1w4584s1r72c44thkl2x19c0000gn/T/chromatic--30995-dVxaUAGlprXE/assets/percolate-ec979d96.woff                  34.11 kB
../../../../var/folders/3q/b1w4584s1r72c44thkl2x19c0000gn/T/chromatic--30995-dVxaUAGlprXE/assets/percolate-5ed633c2.eot                   34.21 kB
../../../../var/folders/3q/b1w4584s1r72c44thkl2x19c0000gn/T/chromatic--30995-dVxaUAGlprXE/assets/percolate-d13fa91b.svg                  140.51 kB │ gzip:  46.93 kB
../../../../var/folders/3q/b1w4584s1r72c44thkl2x19c0000gn/T/chromatic--30995-dVxaUAGlprXE/assets/preview-b9cd44e4.css                      7.00 kB │ gzip:   2.06 kB
../../../../var/folders/3q/b1w4584s1r72c44thkl2x19c0000gn/T/chromatic--30995-dVxaUAGlprXE/assets/preview-73c648b3.js                       0.07 kB │ gzip:   0.08 kB
../../../../var/folders/3q/b1w4584s1r72c44thkl2x19c0000gn/T/chromatic--30995-dVxaUAGlprXE/assets/_commonjs-dynamic-modules-302442b1.js     0.24 kB │ gzip:   0.19 kB
../../../../var/folders/3q/b1w4584s1r72c44thkl2x19c0000gn/T/chromatic--30995-dVxaUAGlprXE/assets/WithTooltip-Y7J54OF7-9c6bfca9.js          0.43 kB │ gzip:   0.27 kB
../../../../var/folders/3q/b1w4584s1r72c44thkl2x19c0000gn/T/chromatic--30995-dVxaUAGlprXE/assets/index-b0b08db2.js                         0.46 kB │ gzip:   0.30 kB
../../../../var/folders/3q/b1w4584s1r72c44thkl2x19c0000gn/T/chromatic--30995-dVxaUAGlprXE/assets/syntaxhighlighter-JOJW2KGS-6d1e9194.js    0.48 kB │ gzip:   0.31 kB
../../../../var/folders/3q/b1w4584s1r72c44thkl2x19c0000gn/T/chromatic--30995-dVxaUAGlprXE/assets/preview-73104b77.js                       0.64 kB │ gzip:   0.45 kB
../../../../var/folders/3q/b1w4584s1r72c44thkl2x19c0000gn/T/chromatic--30995-dVxaUAGlprXE/assets/_commonjsHelpers-de833af9.js              0.69 kB │ gzip:   0.38 kB
../../../../var/folders/3q/b1w4584s1r72c44thkl2x19c0000gn/T/chromatic--30995-dVxaUAGlprXE/assets/index-356e4a49.js                         0.77 kB │ gzip:   0.47 kB
../../../../var/folders/3q/b1w4584s1r72c44thkl2x19c0000gn/T/chromatic--30995-dVxaUAGlprXE/assets/preview-8d723ec0.js                       0.79 kB │ gzip:   0.52 kB
../../../../var/folders/3q/b1w4584s1r72c44thkl2x19c0000gn/T/chromatic--30995-dVxaUAGlprXE/assets/index-8d47fad6.js                         0.80 kB │ gzip:   0.52 kB
../../../../var/folders/3q/b1w4584s1r72c44thkl2x19c0000gn/T/chromatic--30995-dVxaUAGlprXE/assets/preview-0ef86afd.js                       0.86 kB │ gzip:   0.55 kB
../../../../var/folders/3q/b1w4584s1r72c44thkl2x19c0000gn/T/chromatic--30995-dVxaUAGlprXE/assets/preview-c361f135.js                       0.91 kB │ gzip:   0.62 kB
../../../../var/folders/3q/b1w4584s1r72c44thkl2x19c0000gn/T/chromatic--30995-dVxaUAGlprXE/assets/entry-preview-96f6b238.js                 1.28 kB │ gzip:   0.74 kB
../../../../var/folders/3q/b1w4584s1r72c44thkl2x19c0000gn/T/chromatic--30995-dVxaUAGlprXE/assets/index-11d98b33.js                         2.59 kB │ gzip:   1.26 kB
../../../../var/folders/3q/b1w4584s1r72c44thkl2x19c0000gn/T/chromatic--30995-dVxaUAGlprXE/assets/preview-98b085a7.js                       3.19 kB │ gzip:   1.37 kB
../../../../var/folders/3q/b1w4584s1r72c44thkl2x19c0000gn/T/chromatic--30995-dVxaUAGlprXE/assets/preview-76c1789d.js                       3.52 kB │ gzip:   1.71 kB
../../../../var/folders/3q/b1w4584s1r72c44thkl2x19c0000gn/T/chromatic--30995-dVxaUAGlprXE/assets/Task.stories-cab72d6e.js                  3.66 kB │ gzip:   1.53 kB
../../../../var/folders/3q/b1w4584s1r72c44thkl2x19c0000gn/T/chromatic--30995-dVxaUAGlprXE/assets/iframe-fadbdc5e.js                        4.40 kB │ gzip:   1.60 kB
../../../../var/folders/3q/b1w4584s1r72c44thkl2x19c0000gn/T/chromatic--30995-dVxaUAGlprXE/assets/index-76fb7be0.js                         7.16 kB │ gzip:   2.91 kB
../../../../var/folders/3q/b1w4584s1r72c44thkl2x19c0000gn/T/chromatic--30995-dVxaUAGlprXE/assets/preview-da31036b.js                       7.62 kB │ gzip:   1.55 kB
../../../../var/folders/3q/b1w4584s1r72c44thkl2x19c0000gn/T/chromatic--30995-dVxaUAGlprXE/assets/preview-c56bf6ac.js                       8.28 kB │ gzip:   3.17 kB
../../../../var/folders/3q/b1w4584s1r72c44thkl2x19c0000gn/T/chromatic--30995-dVxaUAGlprXE/assets/index-da07a199.js                        13.61 kB │ gzip:   5.13 kB
../../../../var/folders/3q/b1w4584s1r72c44thkl2x19c0000gn/T/chromatic--30995-dVxaUAGlprXE/assets/Color-RQJUDNI5-a0f1dfdd.js               17.62 kB │ gzip:   6.80 kB
../../../../var/folders/3q/b1w4584s1r72c44thkl2x19c0000gn/T/chromatic--30995-dVxaUAGlprXE/assets/TaskList.stories-3c998fb8.js             32.48 kB │ gzip:  12.06 kB
../../../../var/folders/3q/b1w4584s1r72c44thkl2x19c0000gn/T/chromatic--30995-dVxaUAGlprXE/assets/preview-632f9526.js                      34.23 kB │ gzip:  13.41 kB
../../../../var/folders/3q/b1w4584s1r72c44thkl2x19c0000gn/T/chromatic--30995-dVxaUAGlprXE/assets/_getPrototype-44826042.js                78.61 kB │ gzip:  23.57 kB
../../../../var/folders/3q/b1w4584s1r72c44thkl2x19c0000gn/T/chromatic--30995-dVxaUAGlprXE/assets/react-18-236157c6.js                    134.55 kB │ gzip:  43.45 kB
../../../../var/folders/3q/b1w4584s1r72c44thkl2x19c0000gn/T/chromatic--30995-dVxaUAGlprXE/assets/formatter-B5HCVTEV-f217c553.js          210.85 kB │ gzip:  70.71 kB
../../../../var/folders/3q/b1w4584s1r72c44thkl2x19c0000gn/T/chromatic--30995-dVxaUAGlprXE/assets/entry-preview-docs-553595e7.js          212.64 kB │ gzip:  66.57 kB
../../../../var/folders/3q/b1w4584s1r72c44thkl2x19c0000gn/T/chromatic--30995-dVxaUAGlprXE/assets/index-03d05a58.js                       375.25 kB │ gzip: 116.12 kB
../../../../var/folders/3q/b1w4584s1r72c44thkl2x19c0000gn/T/chromatic--30995-dVxaUAGlprXE/assets/axe-18789938.js                         556.58 kB │ gzip: 152.93 kB
../../../../var/folders/3q/b1w4584s1r72c44thkl2x19c0000gn/T/chromatic--30995-dVxaUAGlprXE/assets/DocsRenderer-K4EAMTCU-7ed927c2.js       655.93 kB │ gzip: 203.53 kB
../../../../var/folders/3q/b1w4584s1r72c44thkl2x19c0000gn/T/chromatic--30995-dVxaUAGlprXE/assets/InboxScreen.stories-a796c60e.js         693.05 kB │ gzip: 167.10 kB
../../../../var/folders/3q/b1w4584s1r72c44thkl2x19c0000gn/T/chromatic--30995-dVxaUAGlprXE/assets/preview-b18652a3.js                     693.22 kB │ gzip: 167.14 kB
✓ built in 5.34s
info => Preview built (5.61 s)
info => Output directory: /var/folders/3q/b1w4584s1r72c44thkl2x19c0000gn/T/chromatic--30995-dVxaUAGlprXE
